=~=~=~=~=~=~=~=~=~=~=~= PuTTY log 2022.06.07 01:00:23 =~=~=~=~=~=~=~=~=~=~=~=
Started
Miliseconds since Injection interrupt: 9
Injection No: 1
Miliseconds since Ignition interrupt: 9
Ignition No: 0
Miliseconds since Injection interrupt: 10
Injection No: 1
Miliseconds since Ignition interrupt: 10
Ignition No: 0
Miliseconds since Injection interrupt: 10
Injection No: 0
Miliseconds since Ignition interrupt: 10
Ignition No: 1
Miliseconds since Injection interrupt: 10
Injection No: 0
Miliseconds since Ignition interrupt: 10
Ignition No: 2
Miliseconds since Injection interrupt: 10
Injection No: 0
Miliseconds since Ignition interrupt: 10
Ignition No: 2
Miliseconds since Injection interrupt: 10
Injection No: 3
Miliseconds since Ignition interrupt: 10
Ignition No: 3
Microseconds since Injection interrupt: 10
Injection No: 3
Microseconds since Ignition interrupt: 8
Ignition No: 0
Microseconds since Injection interrupt: 10
Injection No: 3
Microseconds since Ignition interrupt: 8
Ignition No: 0
Microseconds since Injection interrupt: 60316
Injection No: 2
Microseconds since Ignition interrupt: 8
Ignition No: 1
Microseconds since Injection interrupt: 60316
Injection No: 2
Microseconds since Ignition interrupt: 8
Ignition No: 2
Microseconds since Injection interrupt: 60316
Injection No: 2
Microseconds since Ignition interrupt: 8
Ignition No: 2
Microseconds since Injection interrupt: 60316
Injection No: 1
Microseconds since Ignition interrupt: 8
Ignition No: 3
Microseconds since Injection interrupt: 60316
Injection No: 1
Microseconds since Ignition interrupt: 8
Ignition No: 0
Microseconds since Injection interrupt: 60316
Injection No: 1
Microseconds since Ignition interrupt: 8
Ignition No: 1
Microseconds since Injection interrupt: 60316
Injection No: 0
Microseconds since Ignition interrupt: 8
Ignition No: 1
Microseconds since Injection interrupt: 60316
Injection No: 0
Microseconds since Ignition interrupt: 8
Ignition No: 2
Microseconds since Injection interrupt: 60316
Injection No: 0
Microseconds since Ignition interrupt: 8
Ignition No: 3
Microseconds since Injection interrupt: 60316
Injection No: 3
Microseconds since Ignition interrupt: 8
Ignition No: 3
Microseconds since Injection interrupt: 60316
Injection No: 3
Microseconds since Ignition interrupt: 8
Ignition No: 0
Microseconds since Injection interrupt: 60316
Injection No: 3
Microseconds since Ignition interrupt: 8
Ignition No: 1
Microseconds since Injection interrupt: 60316
Injection No: 3
Microseconds since Ignition interrupt: 8
Ignition No: 1
Microseconds since Injection interrupt: 60316
Injection No: 2
Microseconds since Ignition interrupt: 8
Ignition No: 2
Microseconds since Injection interrupt: 60316
Injection No: 2
Microseconds since Ignition interrupt: 8
Ignition No: 3
Microseconds since Injection interrupt: 60316
Injection No: 2
Microseconds since Ignition interrupt: 8
Ignition No: 3
Microseconds since Injection interrupt: 60316
Injection No: 1
Microseconds since Ignition interrupt: 8
Ignition No: 0
Microseconds since Injection interrupt: 60316
Injection No: 1
Microseconds since Ignition interrupt: 8
Ignition No: 1
Microseconds since Injection interrupt: 60316
Injection No: 1
Microseconds since Ignition interrupt: 8
Ignition No: 1
Microseconds since Injection interrupt: 60312
Injection No: 0
Microseconds since Ignition interrupt: 8
Ignition No: 2
Microseconds since Injection interrupt: 60316
Injection No: 0
Microseconds since Ignition interrupt: 8
Ignition No: 3
Microseconds since Injection interrupt: 60316
Injection No: 0
Microseconds since Ignition interrupt: 8
Ignition No: 0
Microseconds 