values
10.35
1.06
0.62
0.99
1.05
4552.17
3105.17
9.83
0.97

10.71
1.03
0.60
1.00
1.03
4451.20
3036.29
10.40
0.99

10.48
1.05
0.62
1.01
1.06
4570.31
3117.54
9.91
0.96

10.76
1.02
0.60
0.99
1.01
4384.96
2991.11
10.60
1.00

10.32
1.06
0.62
1.00
1.05
4552.41
3105.32
9.80
0.97

10.72
1.03
0.60
0.99
1.01
4375.61
2984.73
10.58
0.99

10.30
1.06
0.62
1.01
1.07
4606.61
3142.30
9.66
0.95

10.84
1.01
0.59
0.99
1.01
4350.41
2967.54
10.77
0.99

10.24
1.05
0.62
1.01
1.06
4575.54
3121.11
9.67
0.96

10.77
1.02
0.60
1.00
1.02
4428.47
3020.78
10.51
0.99

10.42
1.05
0.62
0.98
1.04
4488.95
3062.04
10.04
0.98

10.57
1.04
0.61
0.99
1.03
4450.95
3036.12
10.26
0.99

10.48
1.05
0.62
1.00
1.05
4520.69
3083.69
10.02
0.97

10.64
1.03
0.61
0.99
1.02
4406.31
3005.67
10.44
1.00

10.37
1.06
0.62
1.01
1.07
4635.20
3161.80
9.67
0.95

10.91
1.01
0.59
1.01
1.02
4388.89
2993.79
10.74
1.00

10.33
1.06
0.62
0.99
1.05
4542.75
3098.73
9.83
0.97

10.69
1.03
0.60
1.00
1.03
4460.44
3042.59
10.36
0.99

10.50
1.05
0.61
1.00
1.04
4502.02
3070.96
10.08
0.98

10.60
1.04
0.61
1.01
1.04
4514.23
3079.29
10.15
0.97

10.63
1.03
0.61
0.99
1.02
4417.08
3013.02
10.40
1.00

10.40
1.06
0.62
1.00
1.06
4587.34
3129.15
9.80
0.96

10.80
1.02
0.60
0.99
1.01
4373.09
2983.01
10.67
0.99

10.29
1.06
0.62
1.00
1.06
4572.02
3118.70
9.73
0.96

10.76
1.02
0.60
1.00
1.02
4392.16
2996.01
10.59
1.00

10.34
1.06
0.62
0.99
1.05
4527.79
3088.54
9.87
0.97

10.66
1.03
0.61
0.99
1.03
4430.60
3022.23
10.40
0.99

10.43
1.05
0.62
1.00
1.06
4568.79
3116.50
9.87
0.96

10.75
1.02
0.60
1.01
1.03
4465.93
3046.34
10.41
0.98

10.51
1.05
0.61
1.01
1.06
4564.27
3113.42
9.95
0.96

10.74
1.02
0.60
0.99
1.01
4386.34
2992.05
10.59
1.00

10.32
1.06
0.62
1.01
1.07
4627.07
3156.25
9.64
0.95

10.89
1.01
0.59
0.99
1.00
4305.01
2936.57
10.93
0.98

10.13
1.04
0.61
0.99
1.03
4455.92
3039.51
9.83
0.99

10.49
1.05
0.61
1.00
1.05
4551.88
3104.97
9.96
0.97

10.71
1.03
0.60
0.99
1.01
4380.55
2988.10
10.57
1.00

10.31
1.06
0.62
1.00
1.06
4588.96
3130.26
9.71
0.96

10.80
1.02
0.60
1.00
1.02
4415.52
3011.95
10.57
1.00

10.39
1.06
0.62
0.99
1.05
4543.25
3099.08
9.89
0.97

10.69
1.03
0.60
1.01
1.03
4468.83
3048.31
10.34
0.98

10.52
1.04
0.61
0.99
1.04
4480.03
3055.95
10.15
0.98

10.54
1.04
0.61
0.99
1.03
4446.30
3032.95
10.25
0.99

10.47
1.05
0.62
1.00
1.05
4529.95
3090.01
9.99
0.97

10.66
1.03
0.60
0.99
1.02
4415.12
3011.68
10.44
1.00

10.39
1.06
0.62
0.99
1.05
4525.38
3086.89
9.93
0.97

10.65
1.03
0.61
0.99
1.02
4415.12
3011.68
10.43
1.00

10.39
1.06
0.62
0.99
1.05
4539.10
3096.25
9.90
0.97

10.68
1.03
0.60
0.99
1.01
4383.99
2990.45
10.53
1.00

10.32
1.06
0.62
1.01
1.07
4615.44
3148.32
9.66
0.95

10.86
1.01
0.59
0.99
1.00
4337.72
2958.88
10.82
0.99

10.21
1.05
0.61
1.00
1.04
4507.88
3074.95
9.79
0.98

10.61
1.04
0.61
1.01
1.04
4512.85
3078.34
10.16
0.97

10.62
1.03
0.61
1.01
1.05
4530.24
3090.21
10.13
0.97

10.66
1.03
0.60
0.99
1.02
4405.93
3005.41
10.46
1.00

10.37
1.06
0.62
1.01
1.07
4640.18
3165.20
9.66
0.95

10.92
1.01
0.59
1.00
1.01
4371.13
2981.67
10.80
0.99

10.29
1.06
0.62
1.01
1.06
4601.90
3139.09
9.66
0.96

10.83
1.01
0.60
1.01
1.03
4433.80
3024.42
10.56
0.99

10.44
1.05
0.62
0.98
1.04
4483.55
3058.36
10.06
0.98

10.55
1.04
0.61
1.00
1.04
4492.32
3064.34
10.15
0.98

10.57
1.04
0.61
1.01
1.05
4523.98
3085.94
10.10
0.97

10.65
1.03
0.61
1.00
1.03
4465.56
3046.08
10.31
0.98

10.51
1.05
0.61
0.99
1.04
4492.35
3064.36
10.11
0.98

10.57
1.04
0.61
1.00
1.04
4488.02
3061.40
10.18
0.98

10.56
1.04
0.61
1.00
1.04
4478.86
3055.15
10.19
0.98

10.54
1.04
0.61
1.00
1.04
4497.03
3067.55
10.13
0.98

10.58
1.04
0.61
1.01
1.05
4541.69
3098.01
10.07
0.97

10.69
1.03
0.60
1.00
1.03
4457.04
3040.27
10.37
0.99

10.49
1.05
0.61
1.00
1.05
4541.69
3098.01
9.98
0.97

10.69
1.03
0.60
1.00
1.03
4434.82
3025.12
10.42
0.99

10.44
1.05
0.62
1.01
1.07
4609.95
3144.58
9.79
0.95

10.85
1.01
0.59
0.99
1.00
4316.62
2944.49
10.86
0.98

10.16
1.04
0.61
1.01
1.05
4549.01
3103.01
9.65
0.97

10.71
1.03
0.60
1.00
1.02
4427.68
3020.25
10.45
0.99

10.42
1.05
0.62
1.00
1.05
4558.12
3109.23
9.88
0.96

10.73
1.02
0.60
0.99
1.01
4378.98
2987.02
10.59
1.00

10.31
1.06
0.62
1.01
1.07
4605.59
3141.60
9.67
0.95

10.84
1.01
0.59
0.99
1.00
4342.61
2962.22
10.79
0.99

10.22
1.05
0.62
0.99
1.04
4485.78
3059.88
9.85
0.98

10.56
1.04
0.61
1.01
1.06
4562.07
3111.92
10.00
0.96

10.74
1.02
0.60
1.00
1.02
4423.85
3017.63
10.49
0.99

10.41
1.06
0.62
0.99
1.04
4511.89
3077.69
9.97
0.97
